Using pre-set license
Built from '2020.3/staging' branch; Version is '2020.3.18f1 (a7d1c678663c) revision 10998214'; Using compiler version '192528614'; Build Type 'Release'
OS: 'Windows 10 Home; OS build 19043.1466; Version 2009; 64bit' Language: 'de' Physical Memory: 16334 MB
BatchMode: 1, IsHumanControllingUs: 0, StartBugReporterOnCrash: 0, Is64bit: 1, IsPro: 0

COMMAND LINE ARGUMENTS:
C:\Program Files\Unity\Hub\Editor\2020.3.18f1\Editor\Unity.exe
-adb2
-batchMode
-noUpm
-name
AssetImportWorker0
-projectPath
D:/Studium - VIS/GitHub/RealtimePA/RealtimePA
-logFile
Logs/AssetImportWorker0.log
-srvPort
1619
Successfully changed project path to: D:/Studium - VIS/GitHub/RealtimePA/RealtimePA
D:/Studium - VIS/GitHub/RealtimePA/RealtimePA
Using Asset Import Pipeline V2.
Refreshing native plugins compatible for Editor in 63.47 ms, found 2 plugins.
Preloading 0 native plugins for Editor in 0.00 ms.
Initialize engine version: 2020.3.18f1 (a7d1c678663c)
[Subsystems] Discovering subsystems at path C:/Program Files/Unity/Hub/Editor/2020.3.18f1/Editor/Data/Resources/UnitySubsystems
[Subsystems] Discovering subsystems at path D:/Studium - VIS/GitHub/RealtimePA/RealtimePA/Assets
GfxDevice: creating device client; threaded=0
Direct3D:
    Version:  Direct3D 11.0 [level 11.1]
    Renderer: Radeon RX 580 Series (ID=0x67df)
    Vendor:   
    VRAM:     8171 MB
    Driver:   30.0.13023.1012
Initialize mono
Mono path[0] = 'C:/Program Files/Unity/Hub/Editor/2020.3.18f1/Editor/Data/Managed'
Mono path[1] = 'C:/Program Files/Unity/Hub/Editor/2020.3.18f1/Editor/Data/MonoBleedingEdge/lib/mono/unityjit'
Mono config path = 'C:/Program Files/Unity/Hub/Editor/2020.3.18f1/Editor/Data/MonoBleedingEdge/etc'
Using monoOptions --debugger-agent=transport=dt_socket,embedding=1,server=y,suspend=n,address=127.0.0.1:56968
Begin MonoManager ReloadAssembly
Registering precompiled unity dll's ...
Register platform support module: C:/Program Files/Unity/Hub/Editor/2020.3.18f1/Editor/Data/PlaybackEngines/WebGLSupport/UnityEditor.WebGL.Extensions.dll
Register platform support module: C:/Program Files/Unity/Hub/Editor/2020.3.18f1/Editor/Data/PlaybackEngines/WindowsStandaloneSupport/UnityEditor.WindowsStandalone.Extensions.dll
Registered in 0.003184 seconds.
Native extension for WindowsStandalone target not found
Native extension for WebGL target not found
Refreshing native plugins compatible for Editor in 66.12 ms, found 2 plugins.
Preloading 0 native plugins for Editor in 0.00 ms.
Mono: successfully reloaded assembly
- Completed reload, in  2.794 seconds
Domain Reload Profiling:
	ReloadAssembly (2794ms)
		BeginReloadAssembly (64ms)
			ExecutionOrderSort (0ms)
			DisableScriptedObjects (0ms)
			BackupInstance (0ms)
			ReleaseScriptingObjects (0ms)
			CreateAndSetChildDomain (1ms)
		EndReloadAssembly (503ms)
			LoadAssemblies (62ms)
			RebuildTransferFunctionScriptingTraits (0ms)
			SetupTypeCache (162ms)
			ReleaseScriptCaches (0ms)
			RebuildScriptCaches (42ms)
			SetupLoadedEditorAssemblies (217ms)
				LogAssemblyErrors (0ms)
				InitializePlatformSupportModulesInManaged (6ms)
				SetLoadedEditorAssemblies (0ms)
				RefreshPlugins (66ms)
				BeforeProcessingInitializeOnLoad (19ms)
				ProcessInitializeOnLoadAttributes (93ms)
				ProcessInitializeOnLoadMethodAttributes (32ms)
				AfterProcessingInitializeOnLoad (0ms)
				EditorAssembliesLoaded (0ms)
			ExecutionOrderSort2 (0ms)
			AwakeInstancesAfterBackupRestoration (0ms)
Platform modules already initialized, skipping
Registering precompiled user dll's ...
Registered in 0.004115 seconds.
Begin MonoManager ReloadAssembly
Native extension for WindowsStandalone target not found
Native extension for WebGL target not found
Refreshing native plugins compatible for Editor in 64.63 ms, found 2 plugins.
Preloading 0 native plugins for Editor in 0.00 ms.
Mono: successfully reloaded assembly
- Completed reload, in  1.377 seconds
Domain Reload Profiling:
	ReloadAssembly (1379ms)
		BeginReloadAssembly (167ms)
			ExecutionOrderSort (0ms)
			DisableScriptedObjects (6ms)
			BackupInstance (0ms)
			ReleaseScriptingObjects (0ms)
			CreateAndSetChildDomain (20ms)
		EndReloadAssembly (1138ms)
			LoadAssemblies (111ms)
			RebuildTransferFunctionScriptingTraits (0ms)
			SetupTypeCache (333ms)
			ReleaseScriptCaches (1ms)
			RebuildScriptCaches (76ms)
			SetupLoadedEditorAssemblies (477ms)
				LogAssemblyErrors (0ms)
				InitializePlatformSupportModulesInManaged (6ms)
				SetLoadedEditorAssemblies (0ms)
				RefreshPlugins (65ms)
				BeforeProcessingInitializeOnLoad (113ms)
				ProcessInitializeOnLoadAttributes (278ms)
				ProcessInitializeOnLoadMethodAttributes (5ms)
				AfterProcessingInitializeOnLoad (9ms)
				EditorAssembliesLoaded (0ms)
			ExecutionOrderSort2 (0ms)
			AwakeInstancesAfterBackupRestoration (9ms)
Platform modules already initialized, skipping
========================================================================
Worker process is ready to serve import requests
Launched and connected shader compiler UnityShaderCompiler.exe after 0.06 seconds
Refreshing native plugins compatible for Editor in 0.62 ms, found 2 plugins.
Preloading 0 native plugins for Editor in 0.00 ms.
Unloading 2933 Unused Serialized files (Serialized files now loaded: 0)
System memory in use before: 133.8 MB.
System memory in use after: 134.0 MB.

Unloading 18 unused Assets to reduce memory usage. Loaded Objects now: 3373.
Total: 3.889600 ms (FindLiveObjects: 0.325700 ms CreateObjectMapping: 0.076500 ms MarkObjects: 3.359600 ms  DeleteObjects: 0.126500 ms)

AssetImportParameters requested are different than current active one (requested -> active):
  custom:framework-win-MediaFoundation: 216162199b28c13a410421893ffa2e32 -> 
  custom:video-decoder-ogg-theora: a1e56fd34408186e4bbccfd4996cb3dc -> 
  custom:container-muxer-webm: aa71ff27fc2769a1b78a27578f13a17b -> 
  custom:container-demuxer-webm: 4f35f7cbe854078d1ac9338744f61a02 -> 
  custom:container-demuxer-ogg: 62fdf1f143b41e24485cea50d1cbac27 -> 
  custom:video-encoder-webm-vp8: eb34c28f22e8b96e1ab97ce403110664 -> 
  custom:video-decoder-webm-vp8: 9c59270c3fd7afecdb556c50c9e8de78 -> 
  custom:audio-decoder-ogg-vorbis: bf7c407c2cedff20999df2af8eb42d56 -> 
  custom:audio-encoder-webm-vorbis: bf7c407c2cedff20999df2af8eb42d56 -> 
========================================================================
Received Import Request.
  path: Assets/Font/BAHNSCHRIFT 5.TTF
  artifactKey: Guid(6883dceb0faddbd4cb37288cf101fec0) Importer(815301076,1909f56bfc062723c751e8b465ee728b)
Start importing Assets/Font/BAHNSCHRIFT 5.TTF using Guid(6883dceb0faddbd4cb37288cf101fec0) Importer(815301076,1909f56bfc062723c751e8b465ee728b)  -> (artifact id: '7ff9457c7432ded01b3bd35c17e0b4d5') in 0.275960 seconds 
  Import took 0.281205 seconds .

========================================================================
Received Import Request.
  Time since last request: 0.000212 seconds.
  path: Assets/Font/BAHNSCHRIFT 1.TTF
  artifactKey: Guid(60d4572cb12b55c43bfcfd859e7454e0) Importer(815301076,1909f56bfc062723c751e8b465ee728b)
Start importing Assets/Font/BAHNSCHRIFT 1.TTF using Guid(60d4572cb12b55c43bfcfd859e7454e0) Importer(815301076,1909f56bfc062723c751e8b465ee728b)  -> (artifact id: '44a58e88efd03d0fc44237bc1d1599df') in 0.017397 seconds 
  Import took 0.021550 seconds .

========================================================================
Received Import Request.
  Time since last request: 0.000236 seconds.
  path: Assets/Font
  artifactKey: Guid(8aef748f5a788a44ea163feff46a3f9a) Importer(815301076,1909f56bfc062723c751e8b465ee728b)
Start importing Assets/Font using Guid(8aef748f5a788a44ea163feff46a3f9a) Importer(815301076,1909f56bfc062723c751e8b465ee728b)  -> (artifact id: 'f33f8891a55edaeb95a4f0e5bfaa901a') in 0.007012 seconds 
  Import took 0.011069 seconds .

========================================================================
Received Import Request.
  Time since last request: 0.000216 seconds.
  path: Assets/Font/BAHNSCHRIFT 6.TTF
  artifactKey: Guid(907c09f786fcef14b80675a75c78e3bf) Importer(815301076,1909f56bfc062723c751e8b465ee728b)
Start importing Assets/Font/BAHNSCHRIFT 6.TTF using Guid(907c09f786fcef14b80675a75c78e3bf) Importer(815301076,1909f56bfc062723c751e8b465ee728b)  -> (artifact id: '4585fb71314a83c0c19b95e96b89bbdb') in 0.016411 seconds 
  Import took 0.021187 seconds .

========================================================================
Received Import Request.
  Time since last request: 0.000201 seconds.
  path: Assets/Font/BAHNSCHRIFT 8.TTF
  artifactKey: Guid(69c93390797ce644493a6378b375bada) Importer(815301076,1909f56bfc062723c751e8b465ee728b)
Start importing Assets/Font/BAHNSCHRIFT 8.TTF using Guid(69c93390797ce644493a6378b375bada) Importer(815301076,1909f56bfc062723c751e8b465ee728b)  -> (artifact id: '3ccbe6c79c14eeca1b9c9bfb164cb4f7') in 0.016886 seconds 
  Import took 0.021979 seconds .

========================================================================
Received Import Request.
  Time since last request: 0.000180 seconds.
  path: Assets/Font/BAHNSCHRIFT 13.TTF
  artifactKey: Guid(7174db84c200f3c4296bd78b1f7f4984) Importer(815301076,1909f56bfc062723c751e8b465ee728b)
Start importing Assets/Font/BAHNSCHRIFT 13.TTF using Guid(7174db84c200f3c4296bd78b1f7f4984) Importer(815301076,1909f56bfc062723c751e8b465ee728b)  -> (artifact id: '45eb5776380f7228e9d015aab7f8410e') in 0.018038 seconds 
  Import took 0.022865 seconds .

========================================================================
Received Import Request.
  Time since last request: 0.000245 seconds.
  path: Assets/Font/BAHNSCHRIFT 10.TTF
  artifactKey: Guid(0e2fc87eb61935e439934fd2393df5cb) Importer(815301076,1909f56bfc062723c751e8b465ee728b)
Start importing Assets/Font/BAHNSCHRIFT 10.TTF using Guid(0e2fc87eb61935e439934fd2393df5cb) Importer(815301076,1909f56bfc062723c751e8b465ee728b)  -> (artifact id: '06f471efa628f2c4929be7354d41185a') in 0.018517 seconds 
  Import took 0.023975 seconds .

========================================================================
Received Import Request.
  Time since last request: 0.000190 seconds.
  path: Assets/Font/BAHNSCHRIFT 12.TTF
  artifactKey: Guid(21bed59f793eef04aba6ff3046e5074e) Importer(815301076,1909f56bfc062723c751e8b465ee728b)
Start importing Assets/Font/BAHNSCHRIFT 12.TTF using Guid(21bed59f793eef04aba6ff3046e5074e) Importer(815301076,1909f56bfc062723c751e8b465ee728b)  -> (artifact id: '49e3766a2dd6fd89beb1f63bd81eef1f') in 0.017515 seconds 
  Import took 0.022523 seconds .

========================================================================
Received Import Request.
  Time since last request: 0.000239 seconds.
  path: Assets/Font/BAHNSCHRIFT 2.TTF
  artifactKey: Guid(4ebe4c463b2755b4b980b4b61c8c91be) Importer(815301076,1909f56bfc062723c751e8b465ee728b)
Start importing Assets/Font/BAHNSCHRIFT 2.TTF using Guid(4ebe4c463b2755b4b980b4b61c8c91be) Importer(815301076,1909f56bfc062723c751e8b465ee728b)  -> (artifact id: '94b3e931f574d3f96308a8ba9128f1eb') in 0.016876 seconds 
  Import took 0.022642 seconds .

========================================================================
Received Import Request.
  Time since last request: 0.000243 seconds.
  path: Assets/Font/BAHNSCHRIFT.TTF
  artifactKey: Guid(4046b78df1e89174a8b8cd078ee20a84) Importer(815301076,1909f56bfc062723c751e8b465ee728b)
Start importing Assets/Font/BAHNSCHRIFT.TTF using Guid(4046b78df1e89174a8b8cd078ee20a84) Importer(815301076,1909f56bfc062723c751e8b465ee728b)  -> (artifact id: '8c3a3d8dbd80c1cdb2fdba9b9d6b6fe6') in 0.017510 seconds 
  Import took 0.022374 seconds .

========================================================================
Received Import Request.
  Time since last request: 0.000227 seconds.
  path: Assets/Font/BAHNSCHRIFT 7.TTF
  artifactKey: Guid(41b17f619b47923419063d11015e7346) Importer(815301076,1909f56bfc062723c751e8b465ee728b)
Start importing Assets/Font/BAHNSCHRIFT 7.TTF using Guid(41b17f619b47923419063d11015e7346) Importer(815301076,1909f56bfc062723c751e8b465ee728b)  -> (artifact id: '2b462d8dcffa0b0a12297c939fa66bcf') in 0.017703 seconds 
  Import took 0.022443 seconds .

========================================================================
Received Import Request.
  Time since last request: 0.000219 seconds.
  path: Assets/Font/BAHNSCHRIFT 11.TTF
  artifactKey: Guid(fe42d94cf5da8f745b890cffd52d3a0b) Importer(815301076,1909f56bfc062723c751e8b465ee728b)
Start importing Assets/Font/BAHNSCHRIFT 11.TTF using Guid(fe42d94cf5da8f745b890cffd52d3a0b) Importer(815301076,1909f56bfc062723c751e8b465ee728b)  -> (artifact id: '7ec15e49d02a49c73d8626dc4b883954') in 0.017172 seconds 
  Import took 0.022377 seconds .

========================================================================
Received Import Request.
  Time since last request: 0.000229 seconds.
  path: Assets/Font/BAHNSCHRIFT 4.TTF
  artifactKey: Guid(b1aa33e8b5f910b468cc33453e9d6297) Importer(815301076,1909f56bfc062723c751e8b465ee728b)
Start importing Assets/Font/BAHNSCHRIFT 4.TTF using Guid(b1aa33e8b5f910b468cc33453e9d6297) Importer(815301076,1909f56bfc062723c751e8b465ee728b)  -> (artifact id: 'ac1e6a086f0dcc17ba1af0f9ac44beb1') in 0.020829 seconds 
  Import took 0.025748 seconds .

========================================================================
Received Import Request.
  Time since last request: 0.000179 seconds.
  path: Assets/Font/BAHNSCHRIFT 14.TTF
  artifactKey: Guid(c339486c4d05d4c42bc10108fafe1652) Importer(815301076,1909f56bfc062723c751e8b465ee728b)
Start importing Assets/Font/BAHNSCHRIFT 14.TTF using Guid(c339486c4d05d4c42bc10108fafe1652) Importer(815301076,1909f56bfc062723c751e8b465ee728b)  -> (artifact id: '65c1ae99e1e558d02e9a1e1ee94d7fac') in 0.018089 seconds 
  Import took 0.022924 seconds .

========================================================================
Received Import Request.
  Time since last request: 0.000264 seconds.
  path: Assets/Font/BAHNSCHRIFT 4.TTF
  artifactKey: Guid(b1aa33e8b5f910b468cc33453e9d6297) Importer(815301076,1909f56bfc062723c751e8b465ee728b)
Start importing Assets/Font/BAHNSCHRIFT 4.TTF using Guid(b1aa33e8b5f910b468cc33453e9d6297) Importer(815301076,1909f56bfc062723c751e8b465ee728b)  -> (artifact id: 'ac1e6a086f0dcc17ba1af0f9ac44beb1') in 0.013177 seconds 
  Import took 0.017965 seconds .

========================================================================
Received Import Request.
  Time since last request: 0.000302 seconds.
  path: Assets/Font/BAHNSCHRIFT 14.TTF
  artifactKey: Guid(c339486c4d05d4c42bc10108fafe1652) Importer(815301076,1909f56bfc062723c751e8b465ee728b)
Start importing Assets/Font/BAHNSCHRIFT 14.TTF using Guid(c339486c4d05d4c42bc10108fafe1652) Importer(815301076,1909f56bfc062723c751e8b465ee728b)  -> (artifact id: '65c1ae99e1e558d02e9a1e1ee94d7fac') in 0.012953 seconds 
  Import took 0.017861 seconds .

========================================================================
Received Import Request.
  Time since last request: 0.000273 seconds.
  path: Assets/Font/BAHNSCHRIFT 3.TTF
  artifactKey: Guid(44b81884162df9e4f9226318c39c794b) Importer(815301076,1909f56bfc062723c751e8b465ee728b)
Start importing Assets/Font/BAHNSCHRIFT 3.TTF using Guid(44b81884162df9e4f9226318c39c794b) Importer(815301076,1909f56bfc062723c751e8b465ee728b)  -> (artifact id: '707020fbde9b0afdfea43f5c306e6965') in 0.019700 seconds 
  Import took 0.024922 seconds .

========================================================================
Received Import Request.
  Time since last request: 0.000202 seconds.
  path: Assets/Font/BAHNSCHRIFT 9.TTF
  artifactKey: Guid(a2f64924cb3c2f8469ed8d34605485be) Importer(815301076,1909f56bfc062723c751e8b465ee728b)
Start importing Assets/Font/BAHNSCHRIFT 9.TTF using Guid(a2f64924cb3c2f8469ed8d34605485be) Importer(815301076,1909f56bfc062723c751e8b465ee728b)  -> (artifact id: '4c47a2a716daf5d05e6e439cbe7ecaef') in 0.017610 seconds 
  Import took 0.022420 seconds .

========================================================================
Received Import Request.
  Time since last request: 166.618067 seconds.
  path: Assets/Font/BAHNSCHRIFT 2.TTF
  artifactKey: Guid(4ebe4c463b2755b4b980b4b61c8c91be) Importer(815301076,1909f56bfc062723c751e8b465ee728b)
Start importing Assets/Font/BAHNSCHRIFT 2.TTF using Guid(4ebe4c463b2755b4b980b4b61c8c91be) Importer(815301076,1909f56bfc062723c751e8b465ee728b)  -> (artifact id: 'a613e3b444248003d965eb675f0139be') in 0.013414 seconds 
  Import took 0.018418 seconds .

========================================================================
Received Import Request.
  Time since last request: 24.605982 seconds.
  path: Assets/Font/Font
  artifactKey: Guid(09b8af4fcd3d93b458f935471309b15f) Importer(815301076,1909f56bfc062723c751e8b465ee728b)
Start importing Assets/Font/Font using Guid(09b8af4fcd3d93b458f935471309b15f) Importer(815301076,1909f56bfc062723c751e8b465ee728b)  -> (artifact id: '94f9c47e1e8b04f29907c524e8a59613') in 0.002458 seconds 
  Import took 0.006881 seconds .

========================================================================
Received Prepare
Registering precompiled user dll's ...
Registered in 0.004401 seconds.
Begin MonoManager ReloadAssembly
Native extension for WindowsStandalone target not found
Native extension for WebGL target not found
Refreshing native plugins compatible for Editor in 0.67 ms, found 2 plugins.
Preloading 0 native plugins for Editor in 0.00 ms.
Mono: successfully reloaded assembly
- Completed reload, in  1.267 seconds
Domain Reload Profiling:
	ReloadAssembly (1268ms)
		BeginReloadAssembly (156ms)
			ExecutionOrderSort (0ms)
			DisableScriptedObjects (8ms)
			BackupInstance (0ms)
			ReleaseScriptingObjects (0ms)
			CreateAndSetChildDomain (41ms)
		EndReloadAssembly (1040ms)
			LoadAssemblies (108ms)
			RebuildTransferFunctionScriptingTraits (0ms)
			SetupTypeCache (320ms)
			ReleaseScriptCaches (2ms)
			RebuildScriptCaches (62ms)
			SetupLoadedEditorAssemblies (389ms)
				LogAssemblyErrors (0ms)
				InitializePlatformSupportModulesInManaged (7ms)
				SetLoadedEditorAssemblies (1ms)
				RefreshPlugins (1ms)
				BeforeProcessingInitializeOnLoad (108ms)
				ProcessInitializeOnLoadAttributes (259ms)
				ProcessInitializeOnLoadMethodAttributes (4ms)
				AfterProcessingInitializeOnLoad (9ms)
				EditorAssembliesLoaded (0ms)
			ExecutionOrderSort2 (0ms)
			AwakeInstancesAfterBackupRestoration (20ms)
Platform modules already initialized, skipping
Refreshing native plugins compatible for Editor in 0.62 ms, found 2 plugins.
Preloading 0 native plugins for Editor in 0.00 ms.
Unloading 2805 Unused Serialized files (Serialized files now loaded: 0)
System memory in use before: 130.3 MB.
System memory in use after: 130.6 MB.

Unloading 13 unused Assets to reduce memory usage. Loaded Objects now: 3457.
Total: 3.445800 ms (FindLiveObjects: 0.315800 ms CreateObjectMapping: 0.070600 ms MarkObjects: 3.041500 ms  DeleteObjects: 0.016700 ms)

AssetImportParameters requested are different than current active one (requested -> active):
  custom:framework-win-MediaFoundation: 216162199b28c13a410421893ffa2e32 -> 
  custom:video-decoder-ogg-theora: a1e56fd34408186e4bbccfd4996cb3dc -> 
  custom:container-muxer-webm: aa71ff27fc2769a1b78a27578f13a17b -> 
  custom:container-demuxer-webm: 4f35f7cbe854078d1ac9338744f61a02 -> 
  custom:container-demuxer-ogg: 62fdf1f143b41e24485cea50d1cbac27 -> 
  custom:video-encoder-webm-vp8: eb34c28f22e8b96e1ab97ce403110664 -> 
  custom:video-decoder-webm-vp8: 9c59270c3fd7afecdb556c50c9e8de78 -> 
  custom:audio-decoder-ogg-vorbis: bf7c407c2cedff20999df2af8eb42d56 -> 
  custom:audio-encoder-webm-vorbis: bf7c407c2cedff20999df2af8eb42d56 -> 
AssetImportWorkerClient::OnTransportError - code=2 error=End of file
